<?xml version="1.0" encoding="UTF-8"?>
<!-- Generated by org.testng.reporters.JUnitReportReporter -->
<testsuite skipped="0" hostname="LAPTOP-3RMA55CC" name="testngpack.TestMethod1" tests="2" failures="0" timestamp="2022-08-24T12:54:47 IST" time="0.016" errors="0">
  <testcase name="method1" time="0.008" classname="testngpack.TestMethod1"/>
  <system-out>
    <![CDATA[method1 13]]>
  </system-out>
  <testcase name="method2" time="0.008" classname="testngpack.TestMethod1"/>
  <system-out>
    <![CDATA[method2 14]]>
  </system-out>
</testsuite> <!-- testngpack.TestMethod1 -->
