<?xml version="1.0" encoding="UTF-8"?>
<!-- Generated by org.testng.reporters.JUnitReportReporter -->
<testsuite skipped="0" hostname="LAPTOP-3RMA55CC" name="testngpack.Flag7" tests="500" failures="0" timestamp="2022-08-23T11:57:42 IST" time="0.367" errors="0">
  <testcase name="f" time="0.000" classname="testngpack.Flag7"/>
  <system-out>
    <![CDATA[Create and delete user]]>
  </system-out>
  <testcase name="f" time="0.000" classname="testngpack.Flag7"/>
  <system-out>
    <![CDATA[Create and delete user]]>
  </system-out>
  <testcase name="f" time="0.001" classname="testngpack.Flag7"/>
  <system-out>
    <![CDATA[Create and delete user]]>
  </system-out>
  <testcase name="f" time="0.001" classname="testngpack.Flag7"/>
  <system-out>
    <![CDATA[Create and delete user]]>
  </system-out>
  <testcase name="f" time="0.001" classname="testngpack.Flag7"/>
  <system-out>
    <![CDATA[Create and delete user]]>
  </system-out>
  <testcase name="f" time="0.000" classname="testngpack.Flag7"/>
  <system-out>
    <![CDATA[Create and delete user]]>
  </system-out>
  <testcase name="f" time="0.001" classname="testngpack.Flag7"/>
  <system-out>
    <![CDATA[Create and delete user]]>
  </system-out>
  <testcase name="f" time="0.001" classname="testngpack.Flag7"/>
  <system-out>
    <![CDATA[Create and delete user]]>
  </system-out>
  <testcase name="f" time="0.000" classname="testngpack.Flag7"/>
  <system-out>
    <![CDATA[Create and delete user]]>
  </system-out>
  <testcase name="f" time="0.001" classname="testngpack.Flag7"/>
  <system-out>
    <![CDATA[Create and delete user]]>
  </system-out>
  <testcase name="f" time="0.001" classname="testngpack.Flag7"/>
  <system-out>
    <![CDATA[Create and delete user]]>
  </system-out>
  <testcase name="f" time="0.001" classname="testngpack.Flag7"/>
  <system-out>
    <![CDATA[Create and delete user]]>
  </system-out>
  <testcase name="f" time="0.000" classname="testngpack.Flag7"/>
  <system-out>
    <![CDATA[Create and delete user]]>
  </system-out>
  <testcase name="f" time="0.001" classname="testngpack.Flag7"/>
  <system-out>
    <![CDATA[Create and delete user]]>
  </system-out>
  <testcase name="f" time="0.001" classname="testngpack.Flag7"/>
  <system-out>
    <![CDATA[Create and delete user]]>
  </system-out>
  <testcase name="f" time="0.001" classname="testngpack.Flag7"/>
  <system-out>
    <![CDATA[Create and delete user]]>
  </system-out>
  <testcase name="f" time="0.000" classname="testngpack.Flag7"/>
  <system-out>
    <![CDATA[Create and delete user]]>
  </system-out>
  <testcase name="f" time="0.001" classname="testngpack.Flag7"/>
  <system-out>
    <![CDATA[Create and delete user]]>
  </system-out>
  <testcase name="f" time="0.000" classname="testngpack.Flag7"/>
  <system-out>
    <![CDATA[Create and delete user]]>
  </system-out>
  <testcase name="f" time="0.000" classname="testngpack.Flag7"/>
  <system-out>
    <![CDATA[Create and delete user]]>
  </system-out>
  <testcase name="f" time="0.000" classname="testngpack.Flag7"/>
  <system-out>
    <![CDATA[Create and delete user]]>
  </system-out>
  <testcase name="f" time="0.001" classname="testngpack.Flag7"/>
  <system-out>
    <![CDATA[Create and delete user]]>
  </system-out>
  <testcase name="f" time="0.000" classname="testngpack.Flag7"/>
  <system-out>
    <![CDATA[Create and delete user]]>
  </system-out>
  <testcase name="f" time="0.000" classname="testngpack.Flag7"/>
  <system-out>
    <![CDATA[Create and delete user]]>
  </system-out>
  <testcase name="f" time="0.000" classname="testngpack.Flag7"/>
  <system-out>
    <![CDATA[Create and delete user]]>
  </system-out>
  <testcase name="f" time="0.000" classname="testngpack.Flag7"/>
  <system-out>
    <![CDATA[Create and delete user]]>
  </system-out>
  <testcase name="f" time="0.000" classname="testngpack.Flag7"/>
  <system-out>
    <![CDATA[Create and delete user]]>
  </system-out>
  <testcase name="f" time="0.001" classname="testngpack.Flag7"/>
  <system-out>
    <![CDATA[Create and delete user]]>
  </system-out>
  <testcase name="f" time="0.000" classname="testngpack.Flag7"/>
  <system-out>
    <![CDATA[Create and delete user]]>
  </system-out>
  <testcase name="f" time="0.000" classname="testngpack.Flag7"/>
  <system-out>
    <![CDATA[Create and delete user]]>
  </system-out>
  <testcase name="f" time="0.000" classname="testngpack.Flag7"/>
  <system-out>
    <![CDATA[Create and delete user]]>
  </system-out>
  <testcase name="f" time="0.000" classname="testngpack.Flag7"/>
  <system-out>
    <![CDATA[Create and delete user]]>
  </system-out>
  <testcase name="f" time="0.000" classname="testngpack.Flag7"/>
  <system-out>
    <![CDATA[Create and delete user]]>
  </system-out>
  <testcase name="f" time="0.000" classname="testngpack.Flag7"/>
  <system-out>
    <![CDATA[Create and delete user]]>
  </system-out>
  <testcase name="f" time="0.000" classname="testngpack.Flag7"/>
  <system-out>
    <![CDATA[Create and delete user]]>
  </system-out>
  <testcase name="f" time="0.001" classname="testngpack.Flag7"/>
  <system-out>
    <![CDATA[Create and delete user]]>
  </system-out>
  <testcase name="f" time="0.001" classname="testngpack.Flag7"/>
  <system-out>
    <![CDATA[Create and delete user]]>
  </system-out>
  <testcase name="f" time="0.000" classname="testngpack.Flag7"/>
  <system-out>
    <![CDATA[Create and delete user]]>
  </system-out>
  <testcase name="f" time="0.002" classname="testngpack.Flag7"/>
  <system-out>
    <![CDATA[Create and delete user]]>
  </system-out>
  <testcase name="f" time="0.000" classname="testngpack.Flag7"/>
  <system-out>
    <![CDATA[Create and delete user]]>
  </system-out>
  <testcase name="f" time="0.000" classname="testngpack.Flag7"/>
  <system-out>
    <![CDATA[Create and delete user]]>
  </system-out>
  <testcase name="f" time="0.001" classname="testngpack.Flag7"/>
  <system-out>
    <![CDATA[Create and delete user]]>
  </system-out>
  <testcase name="f" time="0.000" classname="testngpack.Flag7"/>
  <system-out>
    <![CDATA[Create and delete user]]>
  </system-out>
  <testcase name="f" time="0.000" classname="testngpack.Flag7"/>
  <system-out>
    <![CDATA[Create and delete user]]>
  </system-out>
  <testcase name="f" time="0.001" classname="testngpack.Flag7"/>
  <system-out>
    <![CDATA[Create and delete user]]>
  </system-out>
  <testcase name="f" time="0.000" classname="testngpack.Flag7"/>
  <system-out>
    <![CDATA[Create and delete user]]>
  </system-out>
  <testcase name="f" time="0.002" classname="testngpack.Flag7"/>
  <system-out>
    <![CDATA[Create and delete user]]>
  </system-out>
  <testcase name="f" time="0.000" classname="testngpack.Flag7"/>
  <system-out>
    <![CDATA[Create and delete user]]>
  </system-out>
  <testcase name="f" time="0.000" classname="testngpack.Flag7"/>
  <system-out>
    <![CDATA[Create and delete user]]>
  </system-out>
  <testcase name="f" time="0.000" classname="testngpack.Flag7"/>
  <system-out>
    <![CDATA[Create and delete user]]>
  </system-out>
  <testcase name="f" time="0.000" classname="testngpack.Flag7"/>
  <system-out>
    <![CDATA[Create and delete user]]>
  </system-out>
  <testcase name="f" time="0.001" classname="testngpack.Flag7"/>
  <system-out>
    <![CDATA[Create and delete user]]>
  </system-out>
  <testcase name="f" time="0.000" classname="testngpack.Flag7"/>
  <system-out>
    <![CDATA[Create and delete user]]>
  </system-out>
  <testcase name="f" time="0.001" classname="testngpack.Flag7"/>
  <system-out>
    <![CDATA[Create and delete user]]>
  </system-out>
  <testcase name="f" time="0.000" classname="testngpack.Flag7"/>
  <system-out>
    <![CDATA[Create and delete user]]>
  </system-out>
  <testcase name="f" time="0.003" classname="testngpack.Flag7"/>
  <system-out>
    <![CDATA[Create and delete user]]>
  </system-out>
  <testcase name="f" time="0.001" classname="testngpack.Flag7"/>
  <system-out>
    <![CDATA[Create and delete user]]>
  </system-out>
  <testcase name="f" time="0.001" classname="testngpack.Flag7"/>
  <system-out>
    <![CDATA[Create and delete user]]>
  </system-out>
  <testcase name="f" time="0.001" classname="testngpack.Flag7"/>
  <system-out>
    <![CDATA[Create and delete user]]>
  </system-out>
  <testcase name="f" time="0.000" classname="testngpack.Flag7"/>
  <system-out>
    <![CDATA[Create and delete user]]>
  </system-out>
  <testcase name="f" time="0.004" classname="testngpack.Flag7"/>
  <system-out>
    <![CDATA[Create and delete user]]>
  </system-out>
  <testcase name="f" time="0.000" classname="testngpack.Flag7"/>
  <system-out>
    <![CDATA[Create and delete user]]>
  </system-out>
  <testcase name="f" time="0.000" classname="testngpack.Flag7"/>
  <system-out>
    <![CDATA[Create and delete user]]>
  </system-out>
  <testcase name="f" time="0.000" classname="testngpack.Flag7"/>
  <system-out>
    <![CDATA[Create and delete user]]>
  </system-out>
  <testcase name="f" time="0.003" classname="testngpack.Flag7"/>
  <system-out>
    <![CDATA[Create and delete user]]>
  </system-out>
  <testcase name="f" time="0.000" classname="testngpack.Flag7"/>
  <system-out>
    <![CDATA[Create and delete user]]>
  </system-out>
  <testcase name="f" time="0.004" classname="testngpack.Flag7"/>
  <system-out>
    <![CDATA[Create and delete user]]>
  </system-out>
  <testcase name="f" time="0.000" classname="testngpack.Flag7"/>
  <system-out>
    <![CDATA[Create and delete user]]>
  </system-out>
  <testcase name="f" time="0.011" classname="testngpack.Flag7"/>
  <system-out>
    <![CDATA[Create and delete user]]>
  </system-out>
  <testcase name="f" time="0.004" classname="testngpack.Flag7"/>
  <system-out>
    <![CDATA[Create and delete user]]>
  </system-out>
  <testcase name="f" time="0.002" classname="testngpack.Flag7"/>
  <system-out>
    <![CDATA[Create and delete user]]>
  </system-out>
  <testcase name="f" time="0.000" classname="testngpack.Flag7"/>
  <system-out>
    <![CDATA[Create and delete user]]>
  </system-out>
  <testcase name="f" time="0.000" classname="testngpack.Flag7"/>
  <system-out>
    <![CDATA[Create and delete user]]>
  </system-out>
  <testcase name="f" time="0.000" classname="testngpack.Flag7"/>
  <system-out>
    <![CDATA[Create and delete user]]>
  </system-out>
  <testcase name="f" time="0.000" classname="testngpack.Flag7"/>
  <system-out>
    <![CDATA[Create and delete user]]>
  </system-out>
  <testcase name="f" time="0.000" classname="testngpack.Flag7"/>
  <system-out>
    <![CDATA[Create and delete user]]>
  </system-out>
  <testcase name="f" time="0.005" classname="testngpack.Flag7"/>
  <system-out>
    <![CDATA[Create and delete user]]>
  </system-out>
  <testcase name="f" time="0.002" classname="testngpack.Flag7"/>
  <system-out>
    <![CDATA[Create and delete user]]>
  </system-out>
  <testcase name="f" time="0.000" classname="testngpack.Flag7"/>
  <system-out>
    <![CDATA[Create and delete user]]>
  </system-out>
  <testcase name="f" time="0.000" classname="testngpack.Flag7"/>
  <system-out>
    <![CDATA[Create and delete user]]>
  </system-out>
  <testcase name="f" time="0.002" classname="testngpack.Flag7"/>
  <system-out>
    <![CDATA[Create and delete user]]>
  </system-out>
  <testcase name="f" time="0.002" classname="testngpack.Flag7"/>
  <system-out>
    <![CDATA[Create and delete user]]>
  </system-out>
  <testcase name="f" time="0.002" classname="testngpack.Flag7"/>
  <system-out>
    <![CDATA[Create and delete user]]>
  </system-out>
  <testcase name="f" time="0.000" classname="testngpack.Flag7"/>
  <system-out>
    <![CDATA[Create and delete user]]>
  </system-out>
  <testcase name="f" time="0.001" classname="testngpack.Flag7"/>
  <system-out>
    <![CDATA[Create and delete user]]>
  </system-out>
  <testcase name="f" time="0.000" classname="testngpack.Flag7"/>
  <system-out>
    <![CDATA[Create and delete user]]>
  </system-out>
  <testcase name="f" time="0.000" classname="testngpack.Flag7"/>
  <system-out>
    <![CDATA[Create and delete user]]>
  </system-out>
  <testcase name="f" time="0.001" classname="testngpack.Flag7"/>
  <system-out>
    <![CDATA[Create and delete user]]>
  </system-out>
  <testcase name="f" time="0.001" classname="testngpack.Flag7"/>
  <system-out>
    <![CDATA[Create and delete user]]>
  </system-out>
  <testcase name="f" time="0.000" classname="testngpack.Flag7"/>
  <system-out>
    <![CDATA[Create and delete user]]>
  </system-out>
  <testcase name="f" time="0.001" classname="testngpack.Flag7"/>
  <system-out>
    <![CDATA[Create and delete user]]>
  </system-out>
  <testcase name="f" time="0.001" classname="testngpack.Flag7"/>
  <system-out>
    <![CDATA[Create and delete user]]>
  </system-out>
  <testcase name="f" time="0.000" classname="testngpack.Flag7"/>
  <system-out>
    <![CDATA[Create and delete user]]>
  </system-out>
  <testcase name="f" time="0.000" classname="testngpack.Flag7"/>
  <system-out>
    <![CDATA[Create and delete user]]>
  </system-out>
  <testcase name="f" time="0.001" classname="testngpack.Flag7"/>
  <system-out>
    <![CDATA[Create and delete user]]>
  </system-out>
  <testcase name="f" time="0.001" classname="testngpack.Flag7"/>
  <system-out>
    <![CDATA[Create and delete user]]>
  </system-out>
  <testcase name="f" time="0.000" classname="testngpack.Flag7"/>
  <system-out>
    <![CDATA[Create and delete user]]>
  </system-out>
  <testcase name="f" time="0.000" classname="testngpack.Flag7"/>
  <system-out>
    <![CDATA[Create and delete user]]>
  </system-out>
  <testcase name="f" time="0.000" classname="testngpack.Flag7"/>
  <system-out>
    <![CDATA[Create and delete user]]>
  </system-out>
  <testcase name="f" time="0.001" classname="testngpack.Flag7"/>
  <system-out>
    <![CDATA[Create and delete user]]>
  </system-out>
  <testcase name="f" time="0.000" classname="testngpack.Flag7"/>
  <system-out>
    <![CDATA[Create and delete user]]>
  </system-out>
  <testcase name="f" time="0.000" classname="testngpack.Flag7"/>
  <system-out>
    <![CDATA[Create and delete user]]>
  </system-out>
  <testcase name="f" time="0.000" classname="testngpack.Flag7"/>
  <system-out>
    <![CDATA[Create and delete user]]>
  </system-out>
  <testcase name="f" time="0.000" classname="testngpack.Flag7"/>
  <system-out>
    <![CDATA[Create and delete user]]>
  </system-out>
  <testcase name="f" time="0.000" classname="testngpack.Flag7"/>
  <system-out>
    <![CDATA[Create and delete user]]>
  </system-out>
  <testcase name="f" time="0.000" classname="testngpack.Flag7"/>
  <system-out>
    <![CDATA[Create and delete user]]>
  </system-out>
  <testcase name="f" time="0.001" classname="testngpack.Flag7"/>
  <system-out>
    <![CDATA[Create and delete user]]>
  </system-out>
  <testcase name="f" time="0.000" classname="testngpack.Flag7"/>
  <system-out>
    <![CDATA[Create and delete user]]>
  </system-out>
  <testcase name="f" time="0.000" classname="testngpack.Flag7"/>
  <system-out>
    <![CDATA[Create and delete user]]>
  </system-out>
  <testcase name="f" time="0.001" classname="testngpack.Flag7"/>
  <system-out>
    <![CDATA[Create and delete user]]>
  </system-out>
  <testcase name="f" time="0.001" classname="testngpack.Flag7"/>
  <system-out>
    <![CDATA[Create and delete user]]>
  </system-out>
  <testcase name="f" time="0.000" classname="testngpack.Flag7"/>
  <system-out>
    <![CDATA[Create and delete user]]>
  </system-out>
  <testcase name="f" time="0.001" classname="testngpack.Flag7"/>
  <system-out>
    <![CDATA[Create and delete user]]>
  </system-out>
  <testcase name="f" time="0.000" classname="testngpack.Flag7"/>
  <system-out>
    <![CDATA[Create and delete user]]>
  </system-out>
  <testcase name="f" time="0.002" classname="testngpack.Flag7"/>
  <system-out>
    <![CDATA[Create and delete user]]>
  </system-out>
  <testcase name="f" time="0.000" classname="testngpack.Flag7"/>
  <system-out>
    <![CDATA[Create and delete user]]>
  </system-out>
  <testcase name="f" time="0.001" classname="testngpack.Flag7"/>
  <system-out>
    <![CDATA[Create and delete user]]>
  </system-out>
  <testcase name="f" time="0.001" classname="testngpack.Flag7"/>
  <system-out>
    <![CDATA[Create and delete user]]>
  </system-out>
  <testcase name="f" time="0.000" classname="testngpack.Flag7"/>
  <system-out>
    <![CDATA[Create and delete user]]>
  </system-out>
  <testcase name="f" time="0.000" classname="testngpack.Flag7"/>
  <system-out>
    <![CDATA[Create and delete user]]>
  </system-out>
  <testcase name="f" time="0.000" classname="testngpack.Flag7"/>
  <system-out>
    <![CDATA[Create and delete user]]>
  </system-out>
  <testcase name="f" time="0.000" classname="testngpack.Flag7"/>
  <system-out>
    <![CDATA[Create and delete user]]>
  </system-out>
  <testcase name="f" time="0.000" classname="testngpack.Flag7"/>
  <system-out>
    <![CDATA[Create and delete user]]>
  </system-out>
  <testcase name="f" time="0.000" classname="testngpack.Flag7"/>
  <system-out>
    <![CDATA[Create and delete user]]>
  </system-out>
  <testcase name="f" time="0.000" classname="testngpack.Flag7"/>
  <system-out>
    <![CDATA[Create and delete user]]>
  </system-out>
  <testcase name="f" time="0.001" classname="testngpack.Flag7"/>
  <system-out>
    <![CDATA[Create and delete user]]>
  </system-out>
  <testcase name="f" time="0.000" classname="testngpack.Flag7"/>
  <system-out>
    <![CDATA[Create and delete user]]>
  </system-out>
  <testcase name="f" time="0.000" classname="testngpack.Flag7"/>
  <system-out>
    <![CDATA[Create and delete user]]>
  </system-out>
  <testcase name="f" time="0.000" classname="testngpack.Flag7"/>
  <system-out>
    <![CDATA[Create and delete user]]>
  </system-out>
  <testcase name="f" time="0.000" classname="testngpack.Flag7"/>
  <system-out>
    <![CDATA[Create and delete user]]>
  </system-out>
  <testcase name="f" time="0.001" classname="testngpack.Flag7"/>
  <system-out>
    <![CDATA[Create and delete user]]>
  </system-out>
  <testcase name="f" time="0.000" classname="testngpack.Flag7"/>
  <system-out>
    <![CDATA[Create and delete user]]>
  </system-out>
  <testcase name="f" time="0.000" classname="testngpack.Flag7"/>
  <system-out>
    <![CDATA[Create and delete user]]>
  </system-out>
  <testcase name="f" time="0.000" classname="testngpack.Flag7"/>
  <system-out>
    <![CDATA[Create and delete user]]>
  </system-out>
  <testcase name="f" time="0.000" classname="testngpack.Flag7"/>
  <system-out>
    <![CDATA[Create and delete user]]>
  </system-out>
  <testcase name="f" time="0.000" classname="testngpack.Flag7"/>
  <system-out>
    <![CDATA[Create and delete user]]>
  </system-out>
  <testcase name="f" time="0.001" classname="testngpack.Flag7"/>
  <system-out>
    <![CDATA[Create and delete user]]>
  </system-out>
  <testcase name="f" time="0.000" classname="testngpack.Flag7"/>
  <system-out>
    <![CDATA[Create and delete user]]>
  </system-out>
  <testcase name="f" time="0.000" classname="testngpack.Flag7"/>
  <system-out>
    <![CDATA[Create and delete user]]>
  </system-out>
  <testcase name="f" time="0.000" classname="testngpack.Flag7"/>
  <system-out>
    <![CDATA[Create and delete user]]>
  </system-out>
  <testcase name="f" time="0.000" classname="testngpack.Flag7"/>
  <system-out>
    <![CDATA[Create and delete user]]>
  </system-out>
  <testcase name="f" time="0.000" classname="testngpack.Flag7"/>
  <system-out>
    <![CDATA[Create and delete user]]>
  </system-out>
  <testcase name="f" time="0.000" classname="testngpack.Flag7"/>
  <system-out>
    <![CDATA[Create and delete user]]>
  </system-out>
  <testcase name="f" time="0.003" classname="testngpack.Flag7"/>
  <system-out>
    <![CDATA[Create and delete user]]>
  </system-out>
  <testcase name="f" time="0.000" classname="testngpack.Flag7"/>
  <system-out>
    <![CDATA[Create and delete user]]>
  </system-out>
  <testcase name="f" time="0.000" classname="testngpack.Flag7"/>
  <system-out>
    <![CDATA[Create and delete user]]>
  </system-out>
  <testcase name="f" time="0.000" classname="testngpack.Flag7"/>
  <system-out>
    <![CDATA[Create and delete user]]>
  </system-out>
  <testcase name="f" time="0.000" classname="testngpack.Flag7"/>
  <system-out>
    <![CDATA[Create and delete user]]>
  </system-out>
  <testcase name="f" time="0.000" classname="testngpack.Flag7"/>
  <system-out>
    <![CDATA[Create and delete user]]>
  </system-out>
  <testcase name="f" time="0.000" classname="testngpack.Flag7"/>
  <system-out>
    <![CDATA[Create and delete user]]>
  </system-out>
  <testcase name="f" time="0.000" classname="testngpack.Flag7"/>
  <system-out>
    <![CDATA[Create and delete user]]>
  </system-out>
  <testcase name="f" time="0.001" classname="testngpack.Flag7"/>
  <system-out>
    <![CDATA[Create and delete user]]>
  </system-out>
  <testcase name="f" time="0.005" classname="testngpack.Flag7"/>
  <system-out>
    <![CDATA[Create and delete user]]>
  </system-out>
  <testcase name="f" time="0.002" classname="testngpack.Flag7"/>
  <system-out>
    <![CDATA[Create and delete user]]>
  </system-out>
  <testcase name="f" time="0.001" classname="testngpack.Flag7"/>
  <system-out>
    <![CDATA[Create and delete user]]>
  </system-out>
  <testcase name="f" time="0.001" classname="testngpack.Flag7"/>
  <system-out>
    <![CDATA[Create and delete user]]>
  </system-out>
  <testcase name="f" time="0.000" classname="testngpack.Flag7"/>
  <system-out>
    <![CDATA[Create and delete user]]>
  </system-out>
  <testcase name="f" time="0.000" classname="testngpack.Flag7"/>
  <system-out>
    <![CDATA[Create and delete user]]>
  </system-out>
  <testcase name="f" time="0.000" classname="testngpack.Flag7"/>
  <system-out>
    <![CDATA[Create and delete user]]>
  </system-out>
  <testcase name="f" time="0.002" classname="testngpack.Flag7"/>
  <system-out>
    <![CDATA[Create and delete user]]>
  </system-out>
  <testcase name="f" time="0.000" classname="testngpack.Flag7"/>
  <system-out>
    <![CDATA[Create and delete user]]>
  </system-out>
  <testcase name="f" time="0.001" classname="testngpack.Flag7"/>
  <system-out>
    <![CDATA[Create and delete user]]>
  </system-out>
  <testcase name="f" time="0.000" classname="testngpack.Flag7"/>
  <system-out>
    <![CDATA[Create and delete user]]>
  </system-out>
  <testcase name="f" time="0.000" classname="testngpack.Flag7"/>
  <system-out>
    <![CDATA[Create and delete user]]>
  </system-out>
  <testcase name="f" time="0.002" classname="testngpack.Flag7"/>
  <system-out>
    <![CDATA[Create and delete user]]>
  </system-out>
  <testcase name="f" time="0.000" classname="testngpack.Flag7"/>
  <system-out>
    <![CDATA[Create and delete user]]>
  </system-out>
  <testcase name="f" time="0.000" classname="testngpack.Flag7"/>
  <system-out>
    <![CDATA[Create and delete user]]>
  </system-out>
  <testcase name="f" time="0.000" classname="testngpack.Flag7"/>
  <system-out>
    <![CDATA[Create and delete user]]>
  </system-out>
  <testcase name="f" time="0.001" classname="testngpack.Flag7"/>
  <system-out>
    <![CDATA[Create and delete user]]>
  </system-out>
  <testcase name="f" time="0.001" classname="testngpack.Flag7"/>
  <system-out>
    <![CDATA[Create and delete user]]>
  </system-out>
  <testcase name="f" time="0.000" classname="testngpack.Flag7"/>
  <system-out>
    <![CDATA[Create and delete user]]>
  </system-out>
  <testcase name="f" time="0.000" classname="testngpack.Flag7"/>
  <system-out>
    <![CDATA[Create and delete user]]>
  </system-out>
  <testcase name="f" time="0.001" classname="testngpack.Flag7"/>
  <system-out>
    <![CDATA[Create and delete user]]>
  </system-out>
  <testcase name="f" time="0.000" classname="testngpack.Flag7"/>
  <system-out>
    <![CDATA[Create and delete user]]>
  </system-out>
  <testcase name="f" time="0.000" classname="testngpack.Flag7"/>
  <system-out>
    <![CDATA[Create and delete user]]>
  </system-out>
  <testcase name="f" time="0.001" classname="testngpack.Flag7"/>
  <system-out>
    <![CDATA[Create and delete user]]>
  </system-out>
  <testcase name="f" time="0.001" classname="testngpack.Flag7"/>
  <system-out>
    <![CDATA[Create and delete user]]>
  </system-out>
  <testcase name="f" time="0.001" classname="testngpack.Flag7"/>
  <system-out>
    <![CDATA[Create and delete user]]>
  </system-out>
  <testcase name="f" time="0.001" classname="testngpack.Flag7"/>
  <system-out>
    <![CDATA[Create and delete user]]>
  </system-out>
  <testcase name="f" time="0.000" classname="testngpack.Flag7"/>
  <system-out>
    <![CDATA[Create and delete user]]>
  </system-out>
  <testcase name="f" time="0.000" classname="testngpack.Flag7"/>
  <system-out>
    <![CDATA[Create and delete user]]>
  </system-out>
  <testcase name="f" time="0.001" classname="testngpack.Flag7"/>
  <system-out>
    <![CDATA[Create and delete user]]>
  </system-out>
  <testcase name="f" time="0.001" classname="testngpack.Flag7"/>
  <system-out>
    <![CDATA[Create and delete user]]>
  </system-out>
  <testcase name="f" time="0.001" classname="testngpack.Flag7"/>
  <system-out>
    <![CDATA[Create and delete user]]>
  </system-out>
  <testcase name="f" time="0.000" classname="testngpack.Flag7"/>
  <system-out>
    <![CDATA[Create and delete user]]>
  </system-out>
  <testcase name="f" time="0.002" classname="testngpack.Flag7"/>
  <system-out>
    <![CDATA[Create and delete user]]>
  </system-out>
  <testcase name="f" time="0.000" classname="testngpack.Flag7"/>
  <system-out>
    <![CDATA[Create and delete user]]>
  </system-out>
  <testcase name="f" time="0.000" classname="testngpack.Flag7"/>
  <system-out>
    <![CDATA[Create and delete user]]>
  </system-out>
  <testcase name="f" time="0.000" classname="testngpack.Flag7"/>
  <system-out>
    <![CDATA[Create and delete user]]>
  </system-out>
  <testcase name="f" time="0.001" classname="testngpack.Flag7"/>
  <system-out>
    <![CDATA[Create and delete user]]>
  </system-out>
  <testcase name="f" time="0.000" classname="testngpack.Flag7"/>
  <system-out>
    <![CDATA[Create and delete user]]>
  </system-out>
  <testcase name="f" time="0.000" classname="testngpack.Flag7"/>
  <system-out>
    <![CDATA[Create and delete user]]>
  </system-out>
  <testcase name="f" time="0.000" classname="testngpack.Flag7"/>
  <system-out>
    <![CDATA[Create and delete user]]>
  </system-out>
  <testcase name="f" time="0.000" classname="testngpack.Flag7"/>
  <system-out>
    <![CDATA[Create and delete user]]>
  </system-out>
  <testcase name="f" time="0.000" classname="testngpack.Flag7"/>
  <system-out>
    <![CDATA[Create and delete user]]>
  </system-out>
  <testcase name="f" time="0.001" classname="testngpack.Flag7"/>
  <system-out>
    <![CDATA[Create and delete user]]>
  </system-out>
  <testcase name="f" time="0.001" classname="testngpack.Flag7"/>
  <system-out>
    <![CDATA[Create and delete user]]>
  </system-out>
  <testcase name="f" time="0.002" classname="testngpack.Flag7"/>
  <system-out>
    <![CDATA[Create and delete user]]>
  </system-out>
  <testcase name="f" time="0.012" classname="testngpack.Flag7"/>
  <system-out>
    <![CDATA[Create and delete user]]>
  </system-out>
  <testcase name="f" time="0.001" classname="testngpack.Flag7"/>
  <system-out>
    <![CDATA[Create and delete user]]>
  </system-out>
  <testcase name="f" time="0.000" classname="testngpack.Flag7"/>
  <system-out>
    <![CDATA[Create and delete user]]>
  </system-out>
  <testcase name="f" time="0.000" classname="testngpack.Flag7"/>
  <system-out>
    <![CDATA[Create and delete user]]>
  </system-out>
  <testcase name="f" time="0.005" classname="testngpack.Flag7"/>
  <system-out>
    <![CDATA[Create and delete user]]>
  </system-out>
  <testcase name="f" time="0.000" classname="testngpack.Flag7"/>
  <system-out>
    <![CDATA[Create and delete user]]>
  </system-out>
  <testcase name="f" time="0.001" classname="testngpack.Flag7"/>
  <system-out>
    <![CDATA[Create and delete user]]>
  </system-out>
  <testcase name="f" time="0.000" classname="testngpack.Flag7"/>
  <system-out>
    <![CDATA[Create and delete user]]>
  </system-out>
  <testcase name="f" time="0.000" classname="testngpack.Flag7"/>
  <system-out>
    <![CDATA[Create and delete user]]>
  </system-out>
  <testcase name="f" time="0.000" classname="testngpack.Flag7"/>
  <system-out>
    <![CDATA[Create and delete user]]>
  </system-out>
  <testcase name="f" time="0.000" classname="testngpack.Flag7"/>
  <system-out>
    <![CDATA[Create and delete user]]>
  </system-out>
  <testcase name="f" time="0.001" classname="testngpack.Flag7"/>
  <system-out>
    <![CDATA[Create and delete user]]>
  </system-out>
  <testcase name="f" time="0.000" classname="testngpack.Flag7"/>
  <system-out>
    <![CDATA[Create and delete user]]>
  </system-out>
  <testcase name="f" time="0.001" classname="testngpack.Flag7"/>
  <system-out>
    <![CDATA[Create and delete user]]>
  </system-out>
  <testcase name="f" time="0.004" classname="testngpack.Flag7"/>
  <system-out>
    <![CDATA[Create and delete user]]>
  </system-out>
  <testcase name="f" time="0.001" classname="testngpack.Flag7"/>
  <system-out>
    <![CDATA[Create and delete user]]>
  </system-out>
  <testcase name="f" time="0.001" classname="testngpack.Flag7"/>
  <system-out>
    <![CDATA[Create and delete user]]>
  </system-out>
  <testcase name="f" time="0.000" classname="testngpack.Flag7"/>
  <system-out>
    <![CDATA[Create and delete user]]>
  </system-out>
  <testcase name="f" time="0.001" classname="testngpack.Flag7"/>
  <system-out>
    <![CDATA[Create and delete user]]>
  </system-out>
  <testcase name="f" time="0.000" classname="testngpack.Flag7"/>
  <system-out>
    <![CDATA[Create and delete user]]>
  </system-out>
  <testcase name="f" time="0.001" classname="testngpack.Flag7"/>
  <system-out>
    <![CDATA[Create and delete user]]>
  </system-out>
  <testcase name="f" time="0.000" classname="testngpack.Flag7"/>
  <system-out>
    <![CDATA[Create and delete user]]>
  </system-out>
  <testcase name="f" time="0.000" classname="testngpack.Flag7"/>
  <system-out>
    <![CDATA[Create and delete user]]>
  </system-out>
  <testcase name="f" time="0.000" classname="testngpack.Flag7"/>
  <system-out>
    <![CDATA[Create and delete user]]>
  </system-out>
  <testcase name="f" time="0.001" classname="testngpack.Flag7"/>
  <system-out>
    <![CDATA[Create and delete user]]>
  </system-out>
  <testcase name="f" time="0.001" classname="testngpack.Flag7"/>
  <system-out>
    <![CDATA[Create and delete user]]>
  </system-out>
  <testcase name="f" time="0.000" classname="testngpack.Flag7"/>
  <system-out>
    <![CDATA[Create and delete user]]>
  </system-out>
  <testcase name="f" time="0.001" classname="testngpack.Flag7"/>
  <system-out>
    <![CDATA[Create and delete user]]>
  </system-out>
  <testcase name="f" time="0.001" classname="testngpack.Flag7"/>
  <system-out>
    <![CDATA[Create and delete user]]>
  </system-out>
  <testcase name="f" time="0.001" classname="testngpack.Flag7"/>
  <system-out>
    <![CDATA[Create and delete user]]>
  </system-out>
  <testcase name="f" time="0.001" classname="testngpack.Flag7"/>
  <system-out>
    <![CDATA[Create and delete user]]>
  </system-out>
  <testcase name="f" time="0.003" classname="testngpack.Flag7"/>
  <system-out>
    <![CDATA[Create and delete user]]>
  </system-out>
  <testcase name="f" time="0.001" classname="testngpack.Flag7"/>
  <system-out>
    <![CDATA[Create and delete user]]>
  </system-out>
  <testcase name="f" time="0.000" classname="testngpack.Flag7"/>
  <system-out>
    <![CDATA[Create and delete user]]>
  </system-out>
  <testcase name="f" time="0.000" classname="testngpack.Flag7"/>
  <system-out>
    <![CDATA[Create and delete user]]>
  </system-out>
  <testcase name="f" time="0.004" classname="testngpack.Flag7"/>
  <system-out>
    <![CDATA[Create and delete user]]>
  </system-out>
  <testcase name="f" time="0.000" classname="testngpack.Flag7"/>
  <system-out>
    <![CDATA[Create and delete user]]>
  </system-out>
  <testcase name="f" time="0.000" classname="testngpack.Flag7"/>
  <system-out>
    <![CDATA[Create and delete user]]>
  </system-out>
  <testcase name="f" time="0.001" classname="testngpack.Flag7"/>
  <system-out>
    <![CDATA[Create and delete user]]>
  </system-out>
  <testcase name="f" time="0.000" classname="testngpack.Flag7"/>
  <system-out>
    <![CDATA[Create and delete user]]>
  </system-out>
  <testcase name="f" time="0.001" classname="testngpack.Flag7"/>
  <system-out>
    <![CDATA[Create and delete user]]>
  </system-out>
  <testcase name="f" time="0.001" classname="testngpack.Flag7"/>
  <system-out>
    <![CDATA[Create and delete user]]>
  </system-out>
  <testcase name="f" time="0.000" classname="testngpack.Flag7"/>
  <system-out>
    <![CDATA[Create and delete user]]>
  </system-out>
  <testcase name="f" time="0.001" classname="testngpack.Flag7"/>
  <system-out>
    <![CDATA[Create and delete user]]>
  </system-out>
  <testcase name="f" time="0.000" classname="testngpack.Flag7"/>
  <system-out>
    <![CDATA[Create and delete user]]>
  </system-out>
  <testcase name="f" time="0.000" classname="testngpack.Flag7"/>
  <system-out>
    <![CDATA[Create and delete user]]>
  </system-out>
  <testcase name="f" time="0.005" classname="testngpack.Flag7"/>
  <system-out>
    <![CDATA[Create and delete user]]>
  </system-out>
  <testcase name="f" time="0.000" classname="testngpack.Flag7"/>
  <system-out>
    <![CDATA[Create and delete user]]>
  </system-out>
  <testcase name="f" time="0.002" classname="testngpack.Flag7"/>
  <system-out>
    <![CDATA[Create and delete user]]>
  </system-out>
  <testcase name="f" time="0.001" classname="testngpack.Flag7"/>
  <system-out>
    <![CDATA[Create and delete user]]>
  </system-out>
  <testcase name="f" time="0.002" classname="testngpack.Flag7"/>
  <system-out>
    <![CDATA[Create and delete user]]>
  </system-out>
  <testcase name="f" time="0.000" classname="testngpack.Flag7"/>
  <system-out>
    <![CDATA[Create and delete user]]>
  </system-out>
  <testcase name="f" time="0.002" classname="testngpack.Flag7"/>
  <system-out>
    <![CDATA[Create and delete user]]>
  </system-out>
  <testcase name="f" time="0.000" classname="testngpack.Flag7"/>
  <system-out>
    <![CDATA[Create and delete user]]>
  </system-out>
  <testcase name="f" time="0.000" classname="testngpack.Flag7"/>
  <system-out>
    <![CDATA[Create and delete user]]>
  </system-out>
  <testcase name="f" time="0.001" classname="testngpack.Flag7"/>
  <system-out>
    <![CDATA[Create and delete user]]>
  </system-out>
  <testcase name="f" time="0.001" classname="testngpack.Flag7"/>
  <system-out>
    <![CDATA[Create and delete user]]>
  </system-out>
  <testcase name="f" time="0.000" classname="testngpack.Flag7"/>
  <system-out>
    <![CDATA[Create and delete user]]>
  </system-out>
  <testcase name="f" time="0.000" classname="testngpack.Flag7"/>
  <system-out>
    <![CDATA[Create and delete user]]>
  </system-out>
  <testcase name="f" time="0.001" classname="testngpack.Flag7"/>
  <system-out>
    <![CDATA[Create and delete user]]>
  </system-out>
  <testcase name="f" time="0.000" classname="testngpack.Flag7"/>
  <system-out>
    <![CDATA[Create and delete user]]>
  </system-out>
  <testcase name="f" time="0.001" classname="testngpack.Flag7"/>
  <system-out>
    <![CDATA[Create and delete user]]>
  </system-out>
  <testcase name="f" time="0.000" classname="testngpack.Flag7"/>
  <system-out>
    <![CDATA[Create and delete user]]>
  </system-out>
  <testcase name="f" time="0.000" classname="testngpack.Flag7"/>
  <system-out>
    <![CDATA[Create and delete user]]>
  </system-out>
  <testcase name="f" time="0.000" classname="testngpack.Flag7"/>
  <system-out>
    <![CDATA[Create and delete user]]>
  </system-out>
  <testcase name="f" time="0.001" classname="testngpack.Flag7"/>
  <system-out>
    <![CDATA[Create and delete user]]>
  </system-out>
  <testcase name="f" time="0.001" classname="testngpack.Flag7"/>
  <system-out>
    <![CDATA[Create and delete user]]>
  </system-out>
  <testcase name="f" time="0.001" classname="testngpack.Flag7"/>
  <system-out>
    <![CDATA[Create and delete user]]>
  </system-out>
  <testcase name="f" time="0.001" classname="testngpack.Flag7"/>
  <system-out>
    <![CDATA[Create and delete user]]>
  </system-out>
  <testcase name="f" time="0.001" classname="testngpack.Flag7"/>
  <system-out>
    <![CDATA[Create and delete user]]>
  </system-out>
  <testcase name="f" time="0.003" classname="testngpack.Flag7"/>
  <system-out>
    <![CDATA[Create and delete user]]>
  </system-out>
  <testcase name="f" time="0.000" classname="testngpack.Flag7"/>
  <system-out>
    <![CDATA[Create and delete user]]>
  </system-out>
  <testcase name="f" time="0.000" classname="testngpack.Flag7"/>
  <system-out>
    <![CDATA[Create and delete user]]>
  </system-out>
  <testcase name="f" time="0.001" classname="testngpack.Flag7"/>
  <system-out>
    <![CDATA[Create and delete user]]>
  </system-out>
  <testcase name="f" time="0.000" classname="testngpack.Flag7"/>
  <system-out>
    <![CDATA[Create and delete user]]>
  </system-out>
  <testcase name="f" time="0.000" classname="testngpack.Flag7"/>
  <system-out>
    <![CDATA[Create and delete user]]>
  </system-out>
  <testcase name="f" time="0.000" classname="testngpack.Flag7"/>
  <system-out>
    <![CDATA[Create and delete user]]>
  </system-out>
  <testcase name="f" time="0.002" classname="testngpack.Flag7"/>
  <system-out>
    <![CDATA[Create and delete user]]>
  </system-out>
  <testcase name="f" time="0.000" classname="testngpack.Flag7"/>
  <system-out>
    <![CDATA[Create and delete user]]>
  </system-out>
  <testcase name="f" time="0.000" classname="testngpack.Flag7"/>
  <system-out>
    <![CDATA[Create and delete user]]>
  </system-out>
  <testcase name="f" time="0.000" classname="testngpack.Flag7"/>
  <system-out>
    <![CDATA[Create and delete user]]>
  </system-out>
  <testcase name="f" time="0.001" classname="testngpack.Flag7"/>
  <system-out>
    <![CDATA[Create and delete user]]>
  </system-out>
  <testcase name="f" time="0.001" classname="testngpack.Flag7"/>
  <system-out>
    <![CDATA[Create and delete user]]>
  </system-out>
  <testcase name="f" time="0.001" classname="testngpack.Flag7"/>
  <system-out>
    <![CDATA[Create and delete user]]>
  </system-out>
  <testcase name="f" time="0.000" classname="testngpack.Flag7"/>
  <system-out>
    <![CDATA[Create and delete user]]>
  </system-out>
  <testcase name="f" time="0.000" classname="testngpack.Flag7"/>
  <system-out>
    <![CDATA[Create and delete user]]>
  </system-out>
  <testcase name="f" time="0.001" classname="testngpack.Flag7"/>
  <system-out>
    <![CDATA[Create and delete user]]>
  </system-out>
  <testcase name="f" time="0.000" classname="testngpack.Flag7"/>
  <system-out>
    <![CDATA[Create and delete user]]>
  </system-out>
  <testcase name="f" time="0.001" classname="testngpack.Flag7"/>
  <system-out>
    <![CDATA[Create and delete user]]>
  </system-out>
  <testcase name="f" time="0.001" classname="testngpack.Flag7"/>
  <system-out>
    <![CDATA[Create and delete user]]>
  </system-out>
  <testcase name="f" time="0.001" classname="testngpack.Flag7"/>
  <system-out>
    <![CDATA[Create and delete user]]>
  </system-out>
  <testcase name="f" time="0.000" classname="testngpack.Flag7"/>
  <system-out>
    <![CDATA[Create and delete user]]>
  </system-out>
  <testcase name="f" time="0.000" classname="testngpack.Flag7"/>
  <system-out>
    <![CDATA[Create and delete user]]>
  </system-out>
  <testcase name="f" time="0.001" classname="testngpack.Flag7"/>
  <system-out>
    <![CDATA[Create and delete user]]>
  </system-out>
  <testcase name="f" time="0.000" classname="testngpack.Flag7"/>
  <system-out>
    <![CDATA[Create and delete user]]>
  </system-out>
  <testcase name="f" time="0.001" classname="testngpack.Flag7"/>
  <system-out>
    <![CDATA[Create and delete user]]>
  </system-out>
  <testcase name="f" time="0.000" classname="testngpack.Flag7"/>
  <system-out>
    <![CDATA[Create and delete user]]>
  </system-out>
  <testcase name="f" time="0.001" classname="testngpack.Flag7"/>
  <system-out>
    <![CDATA[Create and delete user]]>
  </system-out>
  <testcase name="f" time="0.001" classname="testngpack.Flag7"/>
  <system-out>
    <![CDATA[Create and delete user]]>
  </system-out>
  <testcase name="f" time="0.001" classname="testngpack.Flag7"/>
  <system-out>
    <![CDATA[Create and delete user]]>
  </system-out>
  <testcase name="f" time="0.001" classname="testngpack.Flag7"/>
  <system-out>
    <![CDATA[Create and delete user]]>
  </system-out>
  <testcase name="f" time="0.001" classname="testngpack.Flag7"/>
  <system-out>
    <![CDATA[Create and delete user]]>
  </system-out>
  <testcase name="f" time="0.001" classname="testngpack.Flag7"/>
  <system-out>
    <![CDATA[Create and delete user]]>
  </system-out>
  <testcase name="f" time="0.000" classname="testngpack.Flag7"/>
  <system-out>
    <![CDATA[Create and delete user]]>
  </system-out>
  <testcase name="f" time="0.000" classname="testngpack.Flag7"/>
  <system-out>
    <![CDATA[Create and delete user]]>
  </system-out>
  <testcase name="f" time="0.001" classname="testngpack.Flag7"/>
  <system-out>
    <![CDATA[Create and delete user]]>
  </system-out>
  <testcase name="f" time="0.000" classname="testngpack.Flag7"/>
  <system-out>
    <![CDATA[Create and delete user]]>
  </system-out>
  <testcase name="f" time="0.003" classname="testngpack.Flag7"/>
  <system-out>
    <![CDATA[Create and delete user]]>
  </system-out>
  <testcase name="f" time="0.000" classname="testngpack.Flag7"/>
  <system-out>
    <![CDATA[Create and delete user]]>
  </system-out>
  <testcase name="f" time="0.000" classname="testngpack.Flag7"/>
  <system-out>
    <![CDATA[Create and delete user]]>
  </system-out>
  <testcase name="f" time="0.001" classname="testngpack.Flag7"/>
  <system-out>
    <![CDATA[Create and delete user]]>
  </system-out>
  <testcase name="f" time="0.000" classname="testngpack.Flag7"/>
  <system-out>
    <![CDATA[Create and delete user]]>
  </system-out>
  <testcase name="f" time="0.000" classname="testngpack.Flag7"/>
  <system-out>
    <![CDATA[Create and delete user]]>
  </system-out>
  <testcase name="f" time="0.001" classname="testngpack.Flag7"/>
  <system-out>
    <![CDATA[Create and delete user]]>
  </system-out>
  <testcase name="f" time="0.000" classname="testngpack.Flag7"/>
  <system-out>
    <![CDATA[Create and delete user]]>
  </system-out>
  <testcase name="f" time="0.000" classname="testngpack.Flag7"/>
  <system-out>
    <![CDATA[Create and delete user]]>
  </system-out>
  <testcase name="f" time="0.000" classname="testngpack.Flag7"/>
  <system-out>
    <![CDATA[Create and delete user]]>
  </system-out>
  <testcase name="f" time="0.000" classname="testngpack.Flag7"/>
  <system-out>
    <![CDATA[Create and delete user]]>
  </system-out>
  <testcase name="f" time="0.000" classname="testngpack.Flag7"/>
  <system-out>
    <![CDATA[Create and delete user]]>
  </system-out>
  <testcase name="f" time="0.000" classname="testngpack.Flag7"/>
  <system-out>
    <![CDATA[Create and delete user]]>
  </system-out>
  <testcase name="f" time="0.000" classname="testngpack.Flag7"/>
  <system-out>
    <![CDATA[Create and delete user]]>
  </system-out>
  <testcase name="f" time="0.001" classname="testngpack.Flag7"/>
  <system-out>
    <![CDATA[Create and delete user]]>
  </system-out>
  <testcase name="f" time="0.001" classname="testngpack.Flag7"/>
  <system-out>
    <![CDATA[Create and delete user]]>
  </system-out>
  <testcase name="f" time="0.000" classname="testngpack.Flag7"/>
  <system-out>
    <![CDATA[Create and delete user]]>
  </system-out>
  <testcase name="f" time="0.000" classname="testngpack.Flag7"/>
  <system-out>
    <![CDATA[Create and delete user]]>
  </system-out>
  <testcase name="f" time="0.000" classname="testngpack.Flag7"/>
  <system-out>
    <![CDATA[Create and delete user]]>
  </system-out>
  <testcase name="f" time="0.001" classname="testngpack.Flag7"/>
  <system-out>
    <![CDATA[Create and delete user]]>
  </system-out>
  <testcase name="f" time="0.000" classname="testngpack.Flag7"/>
  <system-out>
    <![CDATA[Create and delete user]]>
  </system-out>
  <testcase name="f" time="0.000" classname="testngpack.Flag7"/>
  <system-out>
    <![CDATA[Create and delete user]]>
  </system-out>
  <testcase name="f" time="0.001" classname="testngpack.Flag7"/>
  <system-out>
    <![CDATA[Create and delete user]]>
  </system-out>
  <testcase name="f" time="0.000" classname="testngpack.Flag7"/>
  <system-out>
    <![CDATA[Create and delete user]]>
  </system-out>
  <testcase name="f" time="0.000" classname="testngpack.Flag7"/>
  <system-out>
    <![CDATA[Create and delete user]]>
  </system-out>
  <testcase name="f" time="0.000" classname="testngpack.Flag7"/>
  <system-out>
    <![CDATA[Create and delete user]]>
  </system-out>
  <testcase name="f" time="0.000" classname="testngpack.Flag7"/>
  <system-out>
    <![CDATA[Create and delete user]]>
  </system-out>
  <testcase name="f" time="0.000" classname="testngpack.Flag7"/>
  <system-out>
    <![CDATA[Create and delete user]]>
  </system-out>
  <testcase name="f" time="0.000" classname="testngpack.Flag7"/>
  <system-out>
    <![CDATA[Create and delete user]]>
  </system-out>
  <testcase name="f" time="0.001" classname="testngpack.Flag7"/>
  <system-out>
    <![CDATA[Create and delete user]]>
  </system-out>
  <testcase name="f" time="0.000" classname="testngpack.Flag7"/>
  <system-out>
    <![CDATA[Create and delete user]]>
  </system-out>
  <testcase name="f" time="0.001" classname="testngpack.Flag7"/>
  <system-out>
    <![CDATA[Create and delete user]]>
  </system-out>
  <testcase name="f" time="0.000" classname="testngpack.Flag7"/>
  <system-out>
    <![CDATA[Create and delete user]]>
  </system-out>
  <testcase name="f" time="0.001" classname="testngpack.Flag7"/>
  <system-out>
    <![CDATA[Create and delete user]]>
  </system-out>
  <testcase name="f" time="0.000" classname="testngpack.Flag7"/>
  <system-out>
    <![CDATA[Create and delete user]]>
  </system-out>
  <testcase name="f" time="0.003" classname="testngpack.Flag7"/>
  <system-out>
    <![CDATA[Create and delete user]]>
  </system-out>
  <testcase name="f" time="0.001" classname="testngpack.Flag7"/>
  <system-out>
    <![CDATA[Create and delete user]]>
  </system-out>
  <testcase name="f" time="0.000" classname="testngpack.Flag7"/>
  <system-out>
    <![CDATA[Create and delete user]]>
  </system-out>
  <testcase name="f" time="0.000" classname="testngpack.Flag7"/>
  <system-out>
    <![CDATA[Create and delete user]]>
  </system-out>
  <testcase name="f" time="0.000" classname="testngpack.Flag7"/>
  <system-out>
    <![CDATA[Create and delete user]]>
  </system-out>
  <testcase name="f" time="0.001" classname="testngpack.Flag7"/>
  <system-out>
    <![CDATA[Create and delete user]]>
  </system-out>
  <testcase name="f" time="0.001" classname="testngpack.Flag7"/>
  <system-out>
    <![CDATA[Create and delete user]]>
  </system-out>
  <testcase name="f" time="0.000" classname="testngpack.Flag7"/>
  <system-out>
    <![CDATA[Create and delete user]]>
  </system-out>
  <testcase name="f" time="0.006" classname="testngpack.Flag7"/>
  <system-out>
    <![CDATA[Create and delete user]]>
  </system-out>
  <testcase name="f" time="0.000" classname="testngpack.Flag7"/>
  <system-out>
    <![CDATA[Create and delete user]]>
  </system-out>
  <testcase name="f" time="0.001" classname="testngpack.Flag7"/>
  <system-out>
    <![CDATA[Create and delete user]]>
  </system-out>
  <testcase name="f" time="0.000" classname="testngpack.Flag7"/>
  <system-out>
    <![CDATA[Create and delete user]]>
  </system-out>
  <testcase name="f" time="0.000" classname="testngpack.Flag7"/>
  <system-out>
    <![CDATA[Create and delete user]]>
  </system-out>
  <testcase name="f" time="0.000" classname="testngpack.Flag7"/>
  <system-out>
    <![CDATA[Create and delete user]]>
  </system-out>
  <testcase name="f" time="0.001" classname="testngpack.Flag7"/>
  <system-out>
    <![CDATA[Create and delete user]]>
  </system-out>
  <testcase name="f" time="0.000" classname="testngpack.Flag7"/>
  <system-out>
    <![CDATA[Create and delete user]]>
  </system-out>
  <testcase name="f" time="0.000" classname="testngpack.Flag7"/>
  <system-out>
    <![CDATA[Create and delete user]]>
  </system-out>
  <testcase name="f" time="0.000" classname="testngpack.Flag7"/>
  <system-out>
    <![CDATA[Create and delete user]]>
  </system-out>
  <testcase name="f" time="0.001" classname="testngpack.Flag7"/>
  <system-out>
    <![CDATA[Create and delete user]]>
  </system-out>
  <testcase name="f" time="0.000" classname="testngpack.Flag7"/>
  <system-out>
    <![CDATA[Create and delete user]]>
  </system-out>
  <testcase name="f" time="0.001" classname="testngpack.Flag7"/>
  <system-out>
    <![CDATA[Create and delete user]]>
  </system-out>
  <testcase name="f" time="0.001" classname="testngpack.Flag7"/>
  <system-out>
    <![CDATA[Create and delete user]]>
  </system-out>
  <testcase name="f" time="0.000" classname="testngpack.Flag7"/>
  <system-out>
    <![CDATA[Create and delete user]]>
  </system-out>
  <testcase name="f" time="0.000" classname="testngpack.Flag7"/>
  <system-out>
    <![CDATA[Create and delete user]]>
  </system-out>
  <testcase name="f" time="0.000" classname="testngpack.Flag7"/>
  <system-out>
    <![CDATA[Create and delete user]]>
  </system-out>
  <testcase name="f" time="0.001" classname="testngpack.Flag7"/>
  <system-out>
    <![CDATA[Create and delete user]]>
  </system-out>
  <testcase name="f" time="0.001" classname="testngpack.Flag7"/>
  <system-out>
    <![CDATA[Create and delete user]]>
  </system-out>
  <testcase name="f" time="0.000" classname="testngpack.Flag7"/>
  <system-out>
    <![CDATA[Create and delete user]]>
  </system-out>
  <testcase name="f" time="0.001" classname="testngpack.Flag7"/>
  <system-out>
    <![CDATA[Create and delete user]]>
  </system-out>
  <testcase name="f" time="0.001" classname="testngpack.Flag7"/>
  <system-out>
    <![CDATA[Create and delete user]]>
  </system-out>
  <testcase name="f" time="0.000" classname="testngpack.Flag7"/>
  <system-out>
    <![CDATA[Create and delete user]]>
  </system-out>
  <testcase name="f" time="0.000" classname="testngpack.Flag7"/>
  <system-out>
    <![CDATA[Create and delete user]]>
  </system-out>
  <testcase name="f" time="0.001" classname="testngpack.Flag7"/>
  <system-out>
    <![CDATA[Create and delete user]]>
  </system-out>
  <testcase name="f" time="0.004" classname="testngpack.Flag7"/>
  <system-out>
    <![CDATA[Create and delete user]]>
  </system-out>
  <testcase name="f" time="0.001" classname="testngpack.Flag7"/>
  <system-out>
    <![CDATA[Create and delete user]]>
  </system-out>
  <testcase name="f" time="0.001" classname="testngpack.Flag7"/>
  <system-out>
    <![CDATA[Create and delete user]]>
  </system-out>
  <testcase name="f" time="0.000" classname="testngpack.Flag7"/>
  <system-out>
    <![CDATA[Create and delete user]]>
  </system-out>
  <testcase name="f" time="0.000" classname="testngpack.Flag7"/>
  <system-out>
    <![CDATA[Create and delete user]]>
  </system-out>
  <testcase name="f" time="0.002" classname="testngpack.Flag7"/>
  <system-out>
    <![CDATA[Create and delete user]]>
  </system-out>
  <testcase name="f" time="0.000" classname="testngpack.Flag7"/>
  <system-out>
    <![CDATA[Create and delete user]]>
  </system-out>
  <testcase name="f" time="0.001" classname="testngpack.Flag7"/>
  <system-out>
    <![CDATA[Create and delete user]]>
  </system-out>
  <testcase name="f" time="0.001" classname="testngpack.Flag7"/>
  <system-out>
    <![CDATA[Create and delete user]]>
  </system-out>
  <testcase name="f" time="0.000" classname="testngpack.Flag7"/>
  <system-out>
    <![CDATA[Create and delete user]]>
  </system-out>
  <testcase name="f" time="0.001" classname="testngpack.Flag7"/>
  <system-out>
    <![CDATA[Create and delete user]]>
  </system-out>
  <testcase name="f" time="0.000" classname="testngpack.Flag7"/>
  <system-out>
    <![CDATA[Create and delete user]]>
  </system-out>
  <testcase name="f" time="0.004" classname="testngpack.Flag7"/>
  <system-out>
    <![CDATA[Create and delete user]]>
  </system-out>
  <testcase name="f" time="0.000" classname="testngpack.Flag7"/>
  <system-out>
    <![CDATA[Create and delete user]]>
  </system-out>
  <testcase name="f" time="0.000" classname="testngpack.Flag7"/>
  <system-out>
    <![CDATA[Create and delete user]]>
  </system-out>
  <testcase name="f" time="0.007" classname="testngpack.Flag7"/>
  <system-out>
    <![CDATA[Create and delete user]]>
  </system-out>
  <testcase name="f" time="0.001" classname="testngpack.Flag7"/>
  <system-out>
    <![CDATA[Create and delete user]]>
  </system-out>
  <testcase name="f" time="0.001" classname="testngpack.Flag7"/>
  <system-out>
    <![CDATA[Create and delete user]]>
  </system-out>
  <testcase name="f" time="0.000" classname="testngpack.Flag7"/>
  <system-out>
    <![CDATA[Create and delete user]]>
  </system-out>
  <testcase name="f" time="0.001" classname="testngpack.Flag7"/>
  <system-out>
    <![CDATA[Create and delete user]]>
  </system-out>
  <testcase name="f" time="0.000" classname="testngpack.Flag7"/>
  <system-out>
    <![CDATA[Create and delete user]]>
  </system-out>
  <testcase name="f" time="0.001" classname="testngpack.Flag7"/>
  <system-out>
    <![CDATA[Create and delete user]]>
  </system-out>
  <testcase name="f" time="0.000" classname="testngpack.Flag7"/>
  <system-out>
    <![CDATA[Create and delete user]]>
  </system-out>
  <testcase name="f" time="0.000" classname="testngpack.Flag7"/>
  <system-out>
    <![CDATA[Create and delete user]]>
  </system-out>
  <testcase name="f" time="0.001" classname="testngpack.Flag7"/>
  <system-out>
    <![CDATA[Create and delete user]]>
  </system-out>
  <testcase name="f" time="0.000" classname="testngpack.Flag7"/>
  <system-out>
    <![CDATA[Create and delete user]]>
  </system-out>
  <testcase name="f" time="0.000" classname="testngpack.Flag7"/>
  <system-out>
    <![CDATA[Create and delete user]]>
  </system-out>
  <testcase name="f" time="0.000" classname="testngpack.Flag7"/>
  <system-out>
    <![CDATA[Create and delete user]]>
  </system-out>
  <testcase name="f" time="0.001" classname="testngpack.Flag7"/>
  <system-out>
    <![CDATA[Create and delete user]]>
  </system-out>
  <testcase name="f" time="0.001" classname="testngpack.Flag7"/>
  <system-out>
    <![CDATA[Create and delete user]]>
  </system-out>
  <testcase name="f" time="0.000" classname="testngpack.Flag7"/>
  <system-out>
    <![CDATA[Create and delete user]]>
  </system-out>
  <testcase name="f" time="0.001" classname="testngpack.Flag7"/>
  <system-out>
    <![CDATA[Create and delete user]]>
  </system-out>
  <testcase name="f" time="0.001" classname="testngpack.Flag7"/>
  <system-out>
    <![CDATA[Create and delete user]]>
  </system-out>
  <testcase name="f" time="0.000" classname="testngpack.Flag7"/>
  <system-out>
    <![CDATA[Create and delete user]]>
  </system-out>
  <testcase name="f" time="0.000" classname="testngpack.Flag7"/>
  <system-out>
    <![CDATA[Create and delete user]]>
  </system-out>
  <testcase name="f" time="0.000" classname="testngpack.Flag7"/>
  <system-out>
    <![CDATA[Create and delete user]]>
  </system-out>
  <testcase name="f" time="0.000" classname="testngpack.Flag7"/>
  <system-out>
    <![CDATA[Create and delete user]]>
  </system-out>
  <testcase name="f" time="0.000" classname="testngpack.Flag7"/>
  <system-out>
    <![CDATA[Create and delete user]]>
  </system-out>
  <testcase name="f" time="0.001" classname="testngpack.Flag7"/>
  <system-out>
    <![CDATA[Create and delete user]]>
  </system-out>
  <testcase name="f" time="0.001" classname="testngpack.Flag7"/>
  <system-out>
    <![CDATA[Create and delete user]]>
  </system-out>
  <testcase name="f" time="0.000" classname="testngpack.Flag7"/>
  <system-out>
    <![CDATA[Create and delete user]]>
  </system-out>
  <testcase name="f" time="0.001" classname="testngpack.Flag7"/>
  <system-out>
    <![CDATA[Create and delete user]]>
  </system-out>
  <testcase name="f" time="0.000" classname="testngpack.Flag7"/>
  <system-out>
    <![CDATA[Create and delete user]]>
  </system-out>
  <testcase name="f" time="0.001" classname="testngpack.Flag7"/>
  <system-out>
    <![CDATA[Create and delete user]]>
  </system-out>
  <testcase name="f" time="0.001" classname="testngpack.Flag7"/>
  <system-out>
    <![CDATA[Create and delete user]]>
  </system-out>
  <testcase name="f" time="0.000" classname="testngpack.Flag7"/>
  <system-out>
    <![CDATA[Create and delete user]]>
  </system-out>
  <testcase name="f" time="0.000" classname="testngpack.Flag7"/>
  <system-out>
    <![CDATA[Create and delete user]]>
  </system-out>
  <testcase name="f" time="0.000" classname="testngpack.Flag7"/>
  <system-out>
    <![CDATA[Create and delete user]]>
  </system-out>
  <testcase name="f" time="0.000" classname="testngpack.Flag7"/>
  <system-out>
    <![CDATA[Create and delete user]]>
  </system-out>
  <testcase name="f" time="0.001" classname="testngpack.Flag7"/>
  <system-out>
    <![CDATA[Create and delete user]]>
  </system-out>
  <testcase name="f" time="0.002" classname="testngpack.Flag7"/>
  <system-out>
    <![CDATA[Create and delete user]]>
  </system-out>
  <testcase name="f" time="0.004" classname="testngpack.Flag7"/>
  <system-out>
    <![CDATA[Create and delete user]]>
  </system-out>
  <testcase name="f" time="0.001" classname="testngpack.Flag7"/>
  <system-out>
    <![CDATA[Create and delete user]]>
  </system-out>
  <testcase name="f" time="0.001" classname="testngpack.Flag7"/>
  <system-out>
    <![CDATA[Create and delete user]]>
  </system-out>
  <testcase name="f" time="0.000" classname="testngpack.Flag7"/>
  <system-out>
    <![CDATA[Create and delete user]]>
  </system-out>
  <testcase name="f" time="0.001" classname="testngpack.Flag7"/>
  <system-out>
    <![CDATA[Create and delete user]]>
  </system-out>
  <testcase name="f" time="0.000" classname="testngpack.Flag7"/>
  <system-out>
    <![CDATA[Create and delete user]]>
  </system-out>
  <testcase name="f" time="0.000" classname="testngpack.Flag7"/>
  <system-out>
    <![CDATA[Create and delete user]]>
  </system-out>
  <testcase name="f" time="0.000" classname="testngpack.Flag7"/>
  <system-out>
    <![CDATA[Create and delete user]]>
  </system-out>
  <testcase name="f" time="0.000" classname="testngpack.Flag7"/>
  <system-out>
    <![CDATA[Create and delete user]]>
  </system-out>
  <testcase name="f" time="0.001" classname="testngpack.Flag7"/>
  <system-out>
    <![CDATA[Create and delete user]]>
  </system-out>
  <testcase name="f" time="0.007" classname="testngpack.Flag7"/>
  <system-out>
    <![CDATA[Create and delete user]]>
  </system-out>
  <testcase name="f" time="0.001" classname="testngpack.Flag7"/>
  <system-out>
    <![CDATA[Create and delete user]]>
  </system-out>
  <testcase name="f" time="0.001" classname="testngpack.Flag7"/>
  <system-out>
    <![CDATA[Create and delete user]]>
  </system-out>
  <testcase name="f" time="0.002" classname="testngpack.Flag7"/>
  <system-out>
    <![CDATA[Create and delete user]]>
  </system-out>
  <testcase name="f" time="0.004" classname="testngpack.Flag7"/>
  <system-out>
    <![CDATA[Create and delete user]]>
  </system-out>
  <testcase name="f" time="0.000" classname="testngpack.Flag7"/>
  <system-out>
    <![CDATA[Create and delete user]]>
  </system-out>
  <testcase name="f" time="0.001" classname="testngpack.Flag7"/>
  <system-out>
    <![CDATA[Create and delete user]]>
  </system-out>
  <testcase name="f" time="0.000" classname="testngpack.Flag7"/>
  <system-out>
    <![CDATA[Create and delete user]]>
  </system-out>
  <testcase name="f" time="0.001" classname="testngpack.Flag7"/>
  <system-out>
    <![CDATA[Create and delete user]]>
  </system-out>
  <testcase name="f" time="0.000" classname="testngpack.Flag7"/>
  <system-out>
    <![CDATA[Create and delete user]]>
  </system-out>
  <testcase name="f" time="0.000" classname="testngpack.Flag7"/>
  <system-out>
    <![CDATA[Create and delete user]]>
  </system-out>
  <testcase name="f" time="0.000" classname="testngpack.Flag7"/>
  <system-out>
    <![CDATA[Create and delete user]]>
  </system-out>
  <testcase name="f" time="0.000" classname="testngpack.Flag7"/>
  <system-out>
    <![CDATA[Create and delete user]]>
  </system-out>
  <testcase name="f" time="0.001" classname="testngpack.Flag7"/>
  <system-out>
    <![CDATA[Create and delete user]]>
  </system-out>
  <testcase name="f" time="0.001" classname="testngpack.Flag7"/>
  <system-out>
    <![CDATA[Create and delete user]]>
  </system-out>
  <testcase name="f" time="0.001" classname="testngpack.Flag7"/>
  <system-out>
    <![CDATA[Create and delete user]]>
  </system-out>
  <testcase name="f" time="0.000" classname="testngpack.Flag7"/>
  <system-out>
    <![CDATA[Create and delete user]]>
  </system-out>
  <testcase name="f" time="0.001" classname="testngpack.Flag7"/>
  <system-out>
    <![CDATA[Create and delete user]]>
  </system-out>
  <testcase name="f" time="0.000" classname="testngpack.Flag7"/>
  <system-out>
    <![CDATA[Create and delete user]]>
  </system-out>
  <testcase name="f" time="0.001" classname="testngpack.Flag7"/>
  <system-out>
    <![CDATA[Create and delete user]]>
  </system-out>
  <testcase name="f" time="0.000" classname="testngpack.Flag7"/>
  <system-out>
    <![CDATA[Create and delete user]]>
  </system-out>
  <testcase name="f" time="0.000" classname="testngpack.Flag7"/>
  <system-out>
    <![CDATA[Create and delete user]]>
  </system-out>
  <testcase name="f" time="0.001" classname="testngpack.Flag7"/>
  <system-out>
    <![CDATA[Create and delete user]]>
  </system-out>
  <testcase name="f" time="0.000" classname="testngpack.Flag7"/>
  <system-out>
    <![CDATA[Create and delete user]]>
  </system-out>
  <testcase name="f" time="0.000" classname="testngpack.Flag7"/>
  <system-out>
    <![CDATA[Create and delete user]]>
  </system-out>
  <testcase name="f" time="0.001" classname="testngpack.Flag7"/>
  <system-out>
    <![CDATA[Create and delete user]]>
  </system-out>
  <testcase name="f" time="0.003" classname="testngpack.Flag7"/>
  <system-out>
    <![CDATA[Create and delete user]]>
  </system-out>
  <testcase name="f" time="0.000" classname="testngpack.Flag7"/>
  <system-out>
    <![CDATA[Create and delete user]]>
  </system-out>
  <testcase name="f" time="0.001" classname="testngpack.Flag7"/>
  <system-out>
    <![CDATA[Create and delete user]]>
  </system-out>
  <testcase name="f" time="0.000" classname="testngpack.Flag7"/>
  <system-out>
    <![CDATA[Create and delete user]]>
  </system-out>
  <testcase name="f" time="0.000" classname="testngpack.Flag7"/>
  <system-out>
    <![CDATA[Create and delete user]]>
  </system-out>
  <testcase name="f" time="0.000" classname="testngpack.Flag7"/>
  <system-out>
    <![CDATA[Create and delete user]]>
  </system-out>
  <testcase name="f" time="0.000" classname="testngpack.Flag7"/>
  <system-out>
    <![CDATA[Create and delete user]]>
  </system-out>
  <testcase name="f" time="0.001" classname="testngpack.Flag7"/>
  <system-out>
    <![CDATA[Create and delete user]]>
  </system-out>
  <testcase name="f" time="0.000" classname="testngpack.Flag7"/>
  <system-out>
    <![CDATA[Create and delete user]]>
  </system-out>
  <testcase name="f" time="0.001" classname="testngpack.Flag7"/>
  <system-out>
    <![CDATA[Create and delete user]]>
  </system-out>
  <testcase name="f" time="0.001" classname="testngpack.Flag7"/>
  <system-out>
    <![CDATA[Create and delete user]]>
  </system-out>
  <testcase name="f" time="0.000" classname="testngpack.Flag7"/>
  <system-out>
    <![CDATA[Create and delete user]]>
  </system-out>
  <testcase name="f" time="0.000" classname="testngpack.Flag7"/>
  <system-out>
    <![CDATA[Create and delete user]]>
  </system-out>
  <testcase name="f" time="0.003" classname="testngpack.Flag7"/>
  <system-out>
    <![CDATA[Create and delete user]]>
  </system-out>
  <testcase name="f" time="0.006" classname="testngpack.Flag7"/>
  <system-out>
    <![CDATA[Create and delete user]]>
  </system-out>
  <testcase name="f" time="0.001" classname="testngpack.Flag7"/>
  <system-out>
    <![CDATA[Create and delete user]]>
  </system-out>
  <testcase name="f" time="0.002" classname="testngpack.Flag7"/>
  <system-out>
    <![CDATA[Create and delete user]]>
  </system-out>
  <testcase name="f" time="0.000" classname="testngpack.Flag7"/>
  <system-out>
    <![CDATA[Create and delete user]]>
  </system-out>
  <testcase name="f" time="0.000" classname="testngpack.Flag7"/>
  <system-out>
    <![CDATA[Create and delete user]]>
  </system-out>
  <testcase name="f" time="0.000" classname="testngpack.Flag7"/>
  <system-out>
    <![CDATA[Create and delete user]]>
  </system-out>
  <testcase name="f" time="0.000" classname="testngpack.Flag7"/>
  <system-out>
    <![CDATA[Create and delete user]]>
  </system-out>
  <testcase name="f" time="0.000" classname="testngpack.Flag7"/>
  <system-out>
    <![CDATA[Create and delete user]]>
  </system-out>
  <testcase name="f" time="0.002" classname="testngpack.Flag7"/>
  <system-out>
    <![CDATA[Create and delete user]]>
  </system-out>
  <testcase name="f" time="0.018" classname="testngpack.Flag7"/>
  <system-out>
    <![CDATA[Create and delete user]]>
  </system-out>
  <testcase name="f" time="0.001" classname="testngpack.Flag7"/>
  <system-out>
    <![CDATA[Create and delete user]]>
  </system-out>
  <testcase name="f" time="0.000" classname="testngpack.Flag7"/>
  <system-out>
    <![CDATA[Create and delete user]]>
  </system-out>
  <testcase name="f" time="0.001" classname="testngpack.Flag7"/>
  <system-out>
    <![CDATA[Create and delete user]]>
  </system-out>
  <testcase name="f" time="0.000" classname="testngpack.Flag7"/>
  <system-out>
    <![CDATA[Create and delete user]]>
  </system-out>
  <testcase name="f" time="0.000" classname="testngpack.Flag7"/>
  <system-out>
    <![CDATA[Create and delete user]]>
  </system-out>
  <testcase name="f" time="0.001" classname="testngpack.Flag7"/>
  <system-out>
    <![CDATA[Create and delete user]]>
  </system-out>
  <testcase name="f" time="0.001" classname="testngpack.Flag7"/>
  <system-out>
    <![CDATA[Create and delete user]]>
  </system-out>
  <testcase name="f" time="0.000" classname="testngpack.Flag7"/>
  <system-out>
    <![CDATA[Create and delete user]]>
  </system-out>
  <testcase name="f" time="0.000" classname="testngpack.Flag7"/>
  <system-out>
    <![CDATA[Create and delete user]]>
  </system-out>
  <testcase name="f" time="0.000" classname="testngpack.Flag7"/>
  <system-out>
    <![CDATA[Create and delete user]]>
  </system-out>
  <testcase name="f" time="0.000" classname="testngpack.Flag7"/>
  <system-out>
    <![CDATA[Create and delete user]]>
  </system-out>
  <testcase name="f" time="0.001" classname="testngpack.Flag7"/>
  <system-out>
    <![CDATA[Create and delete user]]>
  </system-out>
  <testcase name="f" time="0.000" classname="testngpack.Flag7"/>
  <system-out>
    <![CDATA[Create and delete user]]>
  </system-out>
  <testcase name="f" time="0.002" classname="testngpack.Flag7"/>
  <system-out>
    <![CDATA[Create and delete user]]>
  </system-out>
  <testcase name="f" time="0.001" classname="testngpack.Flag7"/>
  <system-out>
    <![CDATA[Create and delete user]]>
  </system-out>
  <testcase name="f" time="0.000" classname="testngpack.Flag7"/>
  <system-out>
    <![CDATA[Create and delete user]]>
  </system-out>
</testsuite> <!-- testngpack.Flag7 -->
