<?xml version="1.0" encoding="UTF-8"?>
<!-- Generated by org.testng.reporters.JUnitReportReporter -->
<testsuite skipped="0" hostname="LAPTOP-3RMA55CC" name="testngpack.Flag1" tests="2" failures="0" timestamp="2022-08-19T15:36:40 IST" time="0.008" errors="0">
  <testcase name="invalidActiTimeTest" time="0.006" classname="testngpack.Flag1"/>
  <system-out>
    <![CDATA[invalid login is performed]]>
  </system-out>
  <testcase name="validActiTimeTest" time="0.002" classname="testngpack.Flag1"/>
  <system-out>
    <![CDATA[valid login is performed]]>
  </system-out>
</testsuite> <!-- testngpack.Flag1 -->
