<?xml version="1.0" encoding="UTF-8"?>
<!-- Generated by org.testng.reporters.JUnitReportReporter -->
<testsuite skipped="0" hostname="LAPTOP-3RMA55CC" name="testngpack.Class1" tests="1" failures="0" timestamp="2022-08-31T12:52:48 IST" time="2.736" errors="0">
  <testcase name="launchGoogle1" time="2.736" classname="testngpack.Class1"/>
  <system-out/>
</testsuite> <!-- testngpack.Class1 -->
