<?xml version="1.0" encoding="UTF-8"?>
<!-- Generated by org.testng.reporters.JUnitReportReporter -->
<testsuite skipped="0" hostname="LAPTOP-3RMA55CC" name="testngpack.Flag8" tests="2" failures="0" timestamp="2022-08-24T11:03:31 IST" time="9.638" errors="0">
  <testcase name="loginActiTime" time="5.382" classname="testngpack.Flag8"/>
  <system-out/>
  <testcase name="loginActiTime" time="4.256" classname="testngpack.Flag8"/>
  <system-out/>
</testsuite> <!-- testngpack.Flag8 -->
