<?xml version="1.0" encoding="UTF-8"?>
<!-- Generated by org.testng.reporters.JUnitReportReporter -->
<testsuite skipped="0" hostname="LAPTOP-3RMA55CC" name="testngpack.Flag6" tests="2" failures="0" timestamp="2022-08-24T11:16:39 IST" time="0.006" errors="0">
  <testcase name="st1" time="0.001" classname="testngpack.Flag6"/>
  <system-out>
    <![CDATA[Smoke tast case 1]]>
  </system-out>
  <testcase name="it1" time="0.005" classname="testngpack.Flag6"/>
  <system-out>
    <![CDATA[Integration tast case 1]]>
  </system-out>
</testsuite> <!-- testngpack.Flag6 -->
