<?xml version="1.0" encoding="UTF-8"?>
<!-- Generated by org.testng.reporters.JUnitReportReporter -->
<testsuite skipped="0" hostname="LAPTOP-3RMA55CC" name="testngpack.Sumo" tests="1" failures="0" timestamp="2022-08-19T19:44:30 IST" time="0.006" errors="0">
  <testcase name="method3" time="0.006" classname="testngpack.Sumo"/>
  <system-out>
    <![CDATA[method 3]]>
  </system-out>
</testsuite> <!-- testngpack.Sumo -->
