<?xml version="1.0" encoding="UTF-8"?>
<!-- Generated by org.testng.reporters.JUnitReportReporter -->
<testsuite skipped="0" hostname="LAPTOP-3RMA55CC" name="testngpack.Demo" tests="1" failures="0" timestamp="2022-08-18T21:08:14 IST" time="0.008" errors="0">
  <testcase name="a" time="0.008" classname="testngpack.Demo"/>
  <system-out>
    <![CDATA[Hi I am from method a]]>
  </system-out>
</testsuite> <!-- testngpack.Demo -->
