<?xml version="1.0" encoding="UTF-8"?>
<!-- Generated by org.testng.reporters.JUnitReportReporter -->
<testsuite skipped="0" hostname="LAPTOP-3RMA55CC" name="testngpack.ActiTimeTest" tests="3" failures="0" timestamp="2022-08-20T14:31:37 IST" time="0.008" errors="0">
  <testcase name="loginActiTime" time="0.005" classname="testngpack.ActiTimeTest"/>
  <system-out>
    <![CDATA[Login ActiTime ]]>
  </system-out>
  <testcase name="createUserActiTime" time="0.002" classname="testngpack.ActiTimeTest"/>
  <system-out>
    <![CDATA[Create User]]>
  </system-out>
  <testcase name="logoutActiTime" time="0.001" classname="testngpack.ActiTimeTest"/>
  <system-out>
    <![CDATA[logout ActiTime]]>
  </system-out>
</testsuite> <!-- testngpack.ActiTimeTest -->
